<?xml version="1.0" encoding="UTF-8"?>
<!-- Generated by org.testng.reporters.JUnitReportReporter -->
<testsuite skipped="0" hostname="qainfotech-HP-Pro-3330-MT" name="com.qait.practice.tatoc.TestTheAction" tests="4" failures="0" timestamp="01 Mar 2019 11:11:52 GMT" time="4.387" errors="0">
  <testcase name="dragAndDropTest" time="0.329" classname="com.qait.practice.tatoc.TestTheAction"/>
  <testcase name="popUpWindowTest" time="0.502" classname="com.qait.practice.tatoc.TestTheAction"/>
  <testcase name="validateGridTest" time="1.128" classname="com.qait.practice.tatoc.TestTheAction"/>
  <testcase name="boxColorMatchTest" time="2.428" classname="com.qait.practice.tatoc.TestTheAction"/>
</testsuite> <!-- com.qait.practice.tatoc.TestTheAction -->
